<?xml version="1.0" encoding="UTF-8"?>
<testng-results ignored="0" total="1" passed="1" failed="0" skipped="0">
  <reporter-output>
  </reporter-output>
  <suite started-at="2022-03-29T21:19:31 PST" name="Default suite" finished-at="2022-03-29T21:19:43 PST" duration-ms="12649">
    <groups>
    </groups>
    <test started-at="2022-03-29T21:19:31 PST" name="Default test" finished-at="2022-03-29T21:19:43 PST" duration-ms="12649">
      <class name="basic.assignment_08">
        <test-method signature="autosuggest_test()[pri:0, instance:basic.assignment_08@fa49800]" started-at="2022-03-29T21:19:31 PST" name="autosuggest_test" finished-at="2022-03-29T21:19:43 PST" duration-ms="12581" status="PASS">
          <reporter-output>
          </reporter-output>
        </test-method> <!-- autosuggest_test -->
      </class> <!-- basic.assignment_08 -->
    </test> <!-- Default test -->
  </suite> <!-- Default suite -->
</testng-results>
